<?xml version="1.0" encoding="UTF-8"?>
<!-- Generated by org.testng.reporters.JUnitXMLReporter -->
<testsuite hostname="DESKTOP-GRIFI9G" ignored="1" name="Default test(failed)" tests="1" failures="1" timestamp="16 Jan 2023 19:24:09 GMT" time="8.254" errors="0">
  <testcase name="search" time="1.718" classname="testNgPart2.GoogleApplicationWithBeforeAndAfterMethod">
    <failure type="java.lang.AssertionError" message="expected [SQL search is failed] but found [true]">
      <![CDATA[java.lang.AssertionError: expected [SQL search is failed] but found [true]
at testNgPart2.GoogleApplicationWithBeforeAndAfterMethod.search(GoogleApplicationWithBeforeAndAfterMethod.java:28)
... Removed 30 stack frames]]>
    </failure>
  </testcase> <!-- search -->
  <testcase name="testGoogleLandingPage" time="0.0" classname="testNgPart2.GoogleApplicationWithBeforeAndAfterMethod">
    <ignored/>
  </testcase> <!-- testGoogleLandingPage -->
</testsuite> <!-- Default test(failed) -->
