<?xml version="1.0" encoding="UTF-8"?>
<!-- Generated by org.testng.reporters.JUnitReportReporter -->
<testsuite skipped="0" hostname="DESKTOP-GRIFI9G" name="testNgPart2.GoogleApplicationWithBeforeAfter" tests="2" failures="0" timestamp="03 Jan 2023 18:01:31 GMT" time="14.611" errors="0">
  <testcase name="testReportsPage" time="8.351" classname="testNgPart2.GoogleApplicationWithBeforeAfter"/>
  <testcase name="testVtingerHomePage" time="6.260" classname="testNgPart2.GoogleApplicationWithBeforeAfter"/>
</testsuite> <!-- testNgPart2.GoogleApplicationWithBeforeAfter -->
