<?xml version="1.0" encoding="UTF-8"?>
<testng-results ignored="0" total="7" passed="7" failed="0" skipped="0">
  <reporter-output>
  </reporter-output>
  <suite started-at="2022-10-08T08:16:22 IST" name="Default suite" finished-at="2022-10-08T08:17:40 IST" duration-ms="77941">
    <groups>
      <group name="cucumber">
        <method signature="AbstractTestNGCucumberTests.runScenario(io.cucumber.testng.PickleWrapper,io.cucumber.testng.FeatureWrapper)[pri:0, instance:runner.TestRunner@4fb61f4a]" name="runScenario" class="io.cucumber.testng.AbstractTestNGCucumberTests"/>
      </group> <!-- cucumber -->
    </groups>
    <test started-at="2022-10-08T08:16:22 IST" name="Default test" finished-at="2022-10-08T08:17:40 IST" duration-ms="77941">
      <class name="runner.TestRunner">
        <test-method is-config="true" signature="setUpClass()[pri:0, instance:runner.TestRunner@4fb61f4a]" started-at="2022-10-08T08:16:22 IST" name="setUpClass" finished-at="2022-10-08T08:16:23 IST" duration-ms="1043" status="PASS">
          <reporter-output>
          </reporter-output>
        </test-method> <!-- setUpClass -->
        <test-method signature="runScenario(io.cucumber.testng.PickleWrapper,io.cucumber.testng.FeatureWrapper)[pri:0, instance:runner.TestRunner@4fb61f4a]" started-at="2022-10-08T08:16:23 IST" name="runScenario" description="Runs Cucumber Scenarios" data-provider="scenarios" finished-at="2022-10-08T08:16:37 IST" duration-ms="14162" status="PASS">
          <params>
            <param index="0">
              <value>
                <![CDATA["check actitime login functinality with valid user"]]>
              </value>
            </param>
            <param index="1">
              <value>
                <![CDATA["Optional[It contains TCs related to Actitime Login page]"]]>
              </value>
            </param>
          </params>
          <reporter-output>
          </reporter-output>
        </test-method> <!-- runScenario -->
        <test-method signature="runScenario(io.cucumber.testng.PickleWrapper,io.cucumber.testng.FeatureWrapper)[pri:0, instance:runner.TestRunner@4fb61f4a]" started-at="2022-10-08T08:16:37 IST" name="runScenario" description="Runs Cucumber Scenarios" data-provider="scenarios" finished-at="2022-10-08T08:16:48 IST" duration-ms="11016" status="PASS">
          <params>
            <param index="0">
              <value>
                <![CDATA["check actitime login functinality with invalid user"]]>
              </value>
            </param>
            <param index="1">
              <value>
                <![CDATA["Optional[It contains TCs related to Actitime Login page]"]]>
              </value>
            </param>
          </params>
          <reporter-output>
          </reporter-output>
        </test-method> <!-- runScenario -->
        <test-method signature="runScenario(io.cucumber.testng.PickleWrapper,io.cucumber.testng.FeatureWrapper)[pri:0, instance:runner.TestRunner@4fb61f4a]" started-at="2022-10-08T08:16:48 IST" name="runScenario" description="Runs Cucumber Scenarios" data-provider="scenarios" finished-at="2022-10-08T08:16:56 IST" duration-ms="8270" status="PASS">
          <params>
            <param index="0">
              <value>
                <![CDATA["check actitime login functinality with invalid user"]]>
              </value>
            </param>
            <param index="1">
              <value>
                <![CDATA["Optional[It contains TCs related to Actitime Login page]"]]>
              </value>
            </param>
          </params>
          <reporter-output>
          </reporter-output>
        </test-method> <!-- runScenario -->
        <test-method signature="runScenario(io.cucumber.testng.PickleWrapper,io.cucumber.testng.FeatureWrapper)[pri:0, instance:runner.TestRunner@4fb61f4a]" started-at="2022-10-08T08:16:56 IST" name="runScenario" description="Runs Cucumber Scenarios" data-provider="scenarios" finished-at="2022-10-08T08:17:06 IST" duration-ms="9347" status="PASS">
          <params>
            <param index="0">
              <value>
                <![CDATA["Trying to search Selenium Interview Questions in Google"]]>
              </value>
            </param>
            <param index="1">
              <value>
                <![CDATA["Optional[Trying to Search something in Google]"]]>
              </value>
            </param>
          </params>
          <reporter-output>
          </reporter-output>
        </test-method> <!-- runScenario -->
        <test-method signature="runScenario(io.cucumber.testng.PickleWrapper,io.cucumber.testng.FeatureWrapper)[pri:0, instance:runner.TestRunner@4fb61f4a]" started-at="2022-10-08T08:17:06 IST" name="runScenario" description="Runs Cucumber Scenarios" data-provider="scenarios" finished-at="2022-10-08T08:17:15 IST" duration-ms="9722" status="PASS">
          <params>
            <param index="0">
              <value>
                <![CDATA["Trying to search Manual Testing Questions in Google"]]>
              </value>
            </param>
            <param index="1">
              <value>
                <![CDATA["Optional[Trying to Search something in Google]"]]>
              </value>
            </param>
          </params>
          <reporter-output>
          </reporter-output>
        </test-method> <!-- runScenario -->
        <test-method signature="runScenario(io.cucumber.testng.PickleWrapper,io.cucumber.testng.FeatureWrapper)[pri:0, instance:runner.TestRunner@4fb61f4a]" started-at="2022-10-08T08:17:15 IST" name="runScenario" description="Runs Cucumber Scenarios" data-provider="scenarios" finished-at="2022-10-08T08:17:20 IST" duration-ms="4797" status="PASS">
          <params>
            <param index="0">
              <value>
                <![CDATA["Trying to search API testing question in Google"]]>
              </value>
            </param>
            <param index="1">
              <value>
                <![CDATA["Optional[Trying to Search something in Google]"]]>
              </value>
            </param>
          </params>
          <reporter-output>
          </reporter-output>
        </test-method> <!-- runScenario -->
        <test-method signature="runScenario(io.cucumber.testng.PickleWrapper,io.cucumber.testng.FeatureWrapper)[pri:0, instance:runner.TestRunner@4fb61f4a]" started-at="2022-10-08T08:17:20 IST" name="runScenario" description="Runs Cucumber Scenarios" data-provider="scenarios" finished-at="2022-10-08T08:17:38 IST" duration-ms="17631" status="PASS">
          <params>
            <param index="0">
              <value>
                <![CDATA["create new task"]]>
              </value>
            </param>
            <param index="1">
              <value>
                <![CDATA["Optional[It contains TCs related to Actitime Task creation page]"]]>
              </value>
            </param>
          </params>
          <reporter-output>
          </reporter-output>
        </test-method> <!-- runScenario -->
        <test-method is-config="true" signature="tearDownClass()[pri:0, instance:runner.TestRunner@4fb61f4a]" started-at="2022-10-08T08:17:38 IST" name="tearDownClass" finished-at="2022-10-08T08:17:40 IST" duration-ms="1883" status="PASS">
          <reporter-output>
          </reporter-output>
        </test-method> <!-- tearDownClass -->
      </class> <!-- runner.TestRunner -->
    </test> <!-- Default test -->
  </suite> <!-- Default suite -->
</testng-results>
